2024-11-17 14:43:28,757 - INFO - Imported existing <module 'comtypes.gen' from 'C:\\Users\\Administrator\\AppData\\Local\\Programs\\Python\\Python312\\Lib\\site-packages\\comtypes\\gen\\__init__.py'>
2024-11-17 14:43:28,757 - INFO - Using writeable comtypes cache directory: 'C:\Users\Administrator\AppData\Local\Programs\Python\Python312\Lib\site-packages\comtypes\gen'
2024-11-17 14:43:28,934 - ERROR - 初始化微信窗口失败: type object 'auto' has no attribute 'WindowControl'
2024-11-17 14:43:28,934 - ERROR - 初始化失败，程序退出
2024-11-17 14:44:46,167 - INFO - Imported existing <module 'comtypes.gen' from 'C:\\Users\\Administrator\\AppData\\Local\\Programs\\Python\\Python312\\Lib\\site-packages\\comtypes\\gen\\__init__.py'>
2024-11-17 14:44:46,171 - INFO - Using writeable comtypes cache directory: 'C:\Users\Administrator\AppData\Local\Programs\Python\Python312\Lib\site-packages\comtypes\gen'
2024-11-17 14:44:46,260 - INFO - Could not import comtypes.gen._944DE083_8FB8_45CF_BCB7_C477ACB2F897_0_1_0: Typelib different than module
2024-11-17 14:44:46,263 - INFO - # Generating comtypes.gen._944DE083_8FB8_45CF_BCB7_C477ACB2F897_0_1_0
2024-11-17 14:44:46,291 - INFO - # Generating comtypes.gen.UIAutomationClient
2024-11-17 14:44:46,441 - INFO - 微信窗口初始化成功
2024-11-17 14:44:47,175 - INFO - 浏览器初始化成功
2024-11-17 14:44:54,285 - ERROR - 找不到群: 订单群1
2024-11-17 14:44:57,459 - ERROR - 处理微信消息时出错: 'RedisQueue' object has no attribute 'put_wechat_message'
2024-11-17 14:45:05,102 - ERROR - 找不到群: 订单群1
2024-11-17 14:45:05,194 - ERROR - 处理微信消息时出错: 'RedisQueue' object has no attribute 'put_wechat_message'
2024-11-17 14:45:12,572 - INFO - 接收到退出信号，正在关闭...
2024-11-17 14:45:12,765 - ERROR - 找不到群: 订单群1
2024-11-17 14:45:12,826 - ERROR - 处理微信消息时出错: 'RedisQueue' object has no attribute 'put_wechat_message'
2024-11-17 14:45:13,826 - INFO - 程序已退出
2024-11-17 14:46:51,895 - INFO - Imported existing <module 'comtypes.gen' from 'C:\\Users\\Administrator\\AppData\\Local\\Programs\\Python\\Python312\\Lib\\site-packages\\comtypes\\gen\\__init__.py'>
2024-11-17 14:46:51,895 - INFO - Using writeable comtypes cache directory: 'C:\Users\Administrator\AppData\Local\Programs\Python\Python312\Lib\site-packages\comtypes\gen'
2024-11-17 14:46:52,517 - INFO - 微信窗口初始化成功
2024-11-17 14:46:53,642 - INFO - 浏览器初始化成功
2024-11-17 14:46:56,434 - ERROR - 处理微信消息时出错: 'RedisQueue' object has no attribute 'put_wechat_message'
2024-11-17 14:46:57,499 - ERROR - 处理微信消息时出错: 'RedisQueue' object has no attribute 'put_wechat_message'
2024-11-17 14:46:58,564 - ERROR - 处理微信消息时出错: 'RedisQueue' object has no attribute 'put_wechat_message'
2024-11-17 14:46:59,630 - ERROR - 处理微信消息时出错: 'RedisQueue' object has no attribute 'put_wechat_message'
2024-11-17 14:47:00,696 - ERROR - 处理微信消息时出错: 'RedisQueue' object has no attribute 'put_wechat_message'
2024-11-17 14:47:01,770 - ERROR - 处理微信消息时出错: 'RedisQueue' object has no attribute 'put_wechat_message'
2024-11-17 14:47:02,842 - ERROR - 处理微信消息时出错: 'RedisQueue' object has no attribute 'put_wechat_message'
2024-11-17 14:47:03,916 - ERROR - 处理微信消息时出错: 'RedisQueue' object has no attribute 'put_wechat_message'
2024-11-17 14:47:04,293 - INFO - 接收到退出信号，正在关闭...
2024-11-17 14:47:04,918 - INFO - 程序已退出
2024-11-17 14:49:13,652 - INFO - Imported existing <module 'comtypes.gen' from 'C:\\Users\\Administrator\\AppData\\Local\\Programs\\Python\\Python312\\Lib\\site-packages\\comtypes\\gen\\__init__.py'>
2024-11-17 14:49:13,652 - INFO - Using writeable comtypes cache directory: 'C:\Users\Administrator\AppData\Local\Programs\Python\Python312\Lib\site-packages\comtypes\gen'
2024-11-17 14:49:14,283 - INFO - 微信窗口初始化成功
2024-11-17 14:49:15,328 - INFO - 浏览器初始化成功
2024-11-17 14:49:18,129 - INFO - 消息已加入微信队列: 查看更多消息
2024-11-17 14:49:18,129 - INFO - 消息已加入微信队列: 1
2024-11-17 14:49:18,129 - INFO - 消息已加入微信队列: 你好
2024-11-17 14:49:18,130 - INFO - 消息已加入微信队列: 在吗
2024-11-17 14:49:18,130 - INFO - 消息已加入微信队列: 在怎么了
2024-11-17 14:49:18,130 - INFO - 消息已加入微信队列: 2024年10月27日 15:32
2024-11-17 14:49:18,130 - INFO - 消息已加入微信队列: 在吗
2024-11-17 14:49:18,130 - INFO - 消息已加入微信队列: 在怎么了
2024-11-17 14:49:18,131 - INFO - 消息已加入微信队列: 2024年10月27日 20:43
2024-11-17 14:49:18,131 - INFO - 消息已加入微信队列: 在吗
2024-11-17 14:49:18,131 - INFO - 消息已加入微信队列: 2024年10月27日 20:58
2024-11-17 14:49:18,131 - INFO - 消息已加入微信队列: 你好
2024-11-17 14:49:18,131 - INFO - 消息已加入微信队列: 1
2024-11-17 14:49:18,132 - INFO - 消息已加入微信队列: 2
2024-11-17 14:49:18,132 - INFO - 消息已加入微信队列: 3
2024-11-17 14:49:18,132 - INFO - 消息已加入微信队列: 4
2024-11-17 14:49:18,132 - INFO - 消息已加入微信队列: 5
2024-11-17 14:49:18,132 - INFO - 消息已加入微信队列: 在吗
2024-11-17 14:49:18,133 - INFO - 消息已加入微信队列: 2024年10月27日 21:16
2024-11-17 14:49:18,133 - INFO - 消息已加入微信队列: 1
2024-11-17 14:49:18,133 - INFO - 消息已加入微信队列: 2
2024-11-17 14:49:18,133 - INFO - 消息已加入微信队列: 4
2024-11-17 14:49:18,133 - INFO - 消息已加入微信队列: 2024年10月27日 21:29
2024-11-17 14:49:18,133 - INFO - 消息已加入微信队列: 好
2024-11-17 14:49:18,134 - INFO - 消息已加入微信队列: test
2024-11-17 14:49:18,134 - INFO - 消息已加入微信队列: 1
2024-11-17 14:49:18,134 - INFO - 消息已加入微信队列: 2
2024-11-17 14:49:18,134 - INFO - 消息已加入微信队列: 在在在
2024-11-17 14:49:18,135 - INFO - 消息已加入微信队列: 1
2024-11-17 14:49:18,135 - INFO - 消息已加入微信队列: 1
2024-11-17 14:49:18,135 - INFO - 消息已加入微信队列: 2
2024-11-17 14:49:18,136 - INFO - 消息已加入微信队列: 在
2024-11-17 14:49:18,136 - INFO - 消息已加入微信队列: 没有
2024-11-17 14:49:18,136 - INFO - 消息已加入微信队列: 谢谢
2024-11-17 14:49:18,136 - INFO - 消息已加入微信队列: 哦
2024-11-17 14:49:18,137 - INFO - 消息已加入微信队列: 14:41
2024-11-17 14:49:18,137 - INFO - 消息已加入微信队列: 2
2024-11-17 14:49:19,207 - INFO - 消息已加入微信队列: 查看更多消息
2024-11-17 14:49:19,207 - INFO - 消息已加入微信队列: 1
2024-11-17 14:49:19,207 - INFO - 消息已加入微信队列: 你好
2024-11-17 14:49:19,208 - INFO - 消息已加入微信队列: 在吗
2024-11-17 14:49:19,208 - INFO - 消息已加入微信队列: 在怎么了
2024-11-17 14:49:19,208 - INFO - 消息已加入微信队列: 2024年10月27日 15:32
2024-11-17 14:49:19,208 - INFO - 消息已加入微信队列: 在吗
2024-11-17 14:49:19,208 - INFO - 消息已加入微信队列: 在怎么了
2024-11-17 14:49:19,208 - INFO - 消息已加入微信队列: 2024年10月27日 20:43
2024-11-17 14:49:19,209 - INFO - 消息已加入微信队列: 在吗
2024-11-17 14:49:19,209 - INFO - 消息已加入微信队列: 2024年10月27日 20:58
2024-11-17 14:49:19,209 - INFO - 消息已加入微信队列: 你好
2024-11-17 14:49:19,209 - INFO - 消息已加入微信队列: 1
2024-11-17 14:49:19,209 - INFO - 消息已加入微信队列: 3
2024-11-17 14:49:19,209 - INFO - 消息已加入微信队列: 4
2024-11-17 14:49:19,210 - INFO - 消息已加入微信队列: 5
2024-11-17 14:49:19,210 - INFO - 消息已加入微信队列: 在吗
2024-11-17 14:49:19,210 - INFO - 消息已加入微信队列: 2024年10月27日 21:16
2024-11-17 14:49:19,210 - INFO - 消息已加入微信队列: 1
2024-11-17 14:49:19,210 - INFO - 消息已加入微信队列: 4
2024-11-17 14:49:19,210 - INFO - 消息已加入微信队列: 2024年10月27日 21:29
2024-11-17 14:49:19,211 - INFO - 消息已加入微信队列: 好
2024-11-17 14:49:19,211 - INFO - 消息已加入微信队列: test
2024-11-17 14:49:19,211 - INFO - 消息已加入微信队列: 1
2024-11-17 14:49:19,211 - INFO - 消息已加入微信队列: 在在在
2024-11-17 14:49:19,211 - INFO - 消息已加入微信队列: 1
2024-11-17 14:49:19,211 - INFO - 消息已加入微信队列: 1
2024-11-17 14:49:19,211 - INFO - 消息已加入微信队列: 在
2024-11-17 14:49:19,212 - INFO - 消息已加入微信队列: 没有
2024-11-17 14:49:19,212 - INFO - 消息已加入微信队列: 谢谢
2024-11-17 14:49:19,212 - INFO - 消息已加入微信队列: 哦
2024-11-17 14:49:19,213 - INFO - 消息已加入微信队列: 14:41
2024-11-17 14:49:20,280 - INFO - 消息已加入微信队列: 查看更多消息
2024-11-17 14:49:20,280 - INFO - 消息已加入微信队列: 1
2024-11-17 14:49:20,281 - INFO - 消息已加入微信队列: 你好
2024-11-17 14:49:20,281 - INFO - 消息已加入微信队列: 在吗
2024-11-17 14:49:20,281 - INFO - 消息已加入微信队列: 在怎么了
2024-11-17 14:49:20,281 - INFO - 消息已加入微信队列: 2024年10月27日 15:32
2024-11-17 14:49:20,281 - INFO - 消息已加入微信队列: 在吗
2024-11-17 14:49:20,282 - INFO - 消息已加入微信队列: 在怎么了
2024-11-17 14:49:20,282 - INFO - 消息已加入微信队列: 2024年10月27日 20:43
2024-11-17 14:49:20,282 - INFO - 消息已加入微信队列: 在吗
2024-11-17 14:49:20,282 - INFO - 消息已加入微信队列: 2024年10月27日 20:58
2024-11-17 14:49:20,283 - INFO - 消息已加入微信队列: 你好
2024-11-17 14:49:20,283 - INFO - 消息已加入微信队列: 1
2024-11-17 14:49:20,283 - INFO - 消息已加入微信队列: 2
2024-11-17 14:49:20,283 - INFO - 消息已加入微信队列: 3
2024-11-17 14:49:20,283 - INFO - 消息已加入微信队列: 4
2024-11-17 14:49:20,283 - INFO - 消息已加入微信队列: 5
2024-11-17 14:49:20,284 - INFO - 消息已加入微信队列: 在吗
2024-11-17 14:49:20,284 - INFO - 消息已加入微信队列: 2024年10月27日 21:16
2024-11-17 14:49:20,284 - INFO - 消息已加入微信队列: 1
2024-11-17 14:49:20,284 - INFO - 消息已加入微信队列: 2
2024-11-17 14:49:20,284 - INFO - 消息已加入微信队列: 4
2024-11-17 14:49:20,284 - INFO - 消息已加入微信队列: 2024年10月27日 21:29
2024-11-17 14:49:20,284 - INFO - 消息已加入微信队列: 好
2024-11-17 14:49:20,285 - INFO - 消息已加入微信队列: test
2024-11-17 14:49:20,285 - INFO - 消息已加入微信队列: 1
2024-11-17 14:49:20,285 - INFO - 消息已加入微信队列: 2
2024-11-17 14:49:20,285 - INFO - 消息已加入微信队列: 在在在
2024-11-17 14:49:20,285 - INFO - 消息已加入微信队列: 1
2024-11-17 14:49:20,286 - INFO - 消息已加入微信队列: 1
2024-11-17 14:49:20,287 - INFO - 消息已加入微信队列: 2
2024-11-17 14:49:20,287 - INFO - 消息已加入微信队列: 在
2024-11-17 14:49:20,287 - INFO - 消息已加入微信队列: 没有
2024-11-17 14:49:20,287 - INFO - 消息已加入微信队列: 谢谢
2024-11-17 14:49:20,287 - INFO - 消息已加入微信队列: 哦
2024-11-17 14:49:20,287 - INFO - 消息已加入微信队列: 2
2024-11-17 14:49:21,354 - INFO - 消息已加入微信队列: 查看更多消息
2024-11-17 14:49:21,354 - INFO - 消息已加入微信队列: 1
2024-11-17 14:49:21,355 - INFO - 消息已加入微信队列: 你好
2024-11-17 14:49:21,355 - INFO - 消息已加入微信队列: 在吗
2024-11-17 14:49:21,355 - INFO - 消息已加入微信队列: 在怎么了
2024-11-17 14:49:21,355 - INFO - 消息已加入微信队列: 2024年10月27日 15:32
2024-11-17 14:49:21,356 - INFO - 消息已加入微信队列: 在吗
2024-11-17 14:49:21,356 - INFO - 消息已加入微信队列: 在怎么了
2024-11-17 14:49:21,356 - INFO - 消息已加入微信队列: 2024年10月27日 20:43
2024-11-17 14:49:21,356 - INFO - 消息已加入微信队列: 在吗
2024-11-17 14:49:21,356 - INFO - 消息已加入微信队列: 2024年10月27日 20:58
2024-11-17 14:49:21,356 - INFO - 消息已加入微信队列: 你好
2024-11-17 14:49:21,357 - INFO - 消息已加入微信队列: 1
2024-11-17 14:49:21,357 - INFO - 消息已加入微信队列: 3
2024-11-17 14:49:21,357 - INFO - 消息已加入微信队列: 4
2024-11-17 14:49:21,357 - INFO - 消息已加入微信队列: 5
2024-11-17 14:49:21,357 - INFO - 消息已加入微信队列: 在吗
2024-11-17 14:49:21,357 - INFO - 消息已加入微信队列: 2024年10月27日 21:16
2024-11-17 14:49:21,358 - INFO - 消息已加入微信队列: 1
2024-11-17 14:49:21,358 - INFO - 消息已加入微信队列: 4
2024-11-17 14:49:21,358 - INFO - 消息已加入微信队列: 2024年10月27日 21:29
2024-11-17 14:49:21,358 - INFO - 消息已加入微信队列: 好
2024-11-17 14:49:21,358 - INFO - 消息已加入微信队列: test
2024-11-17 14:49:21,359 - INFO - 消息已加入微信队列: 1
2024-11-17 14:49:21,359 - INFO - 消息已加入微信队列: 在在在
2024-11-17 14:49:21,359 - INFO - 消息已加入微信队列: 1
2024-11-17 14:49:21,359 - INFO - 消息已加入微信队列: 1
2024-11-17 14:49:21,359 - INFO - 消息已加入微信队列: 在
2024-11-17 14:49:21,360 - INFO - 消息已加入微信队列: 没有
2024-11-17 14:49:21,360 - INFO - 消息已加入微信队列: 谢谢
2024-11-17 14:49:21,360 - INFO - 消息已加入微信队列: 哦
2024-11-17 14:49:21,360 - INFO - 消息已加入微信队列: 14:41
2024-11-17 14:49:22,423 - INFO - 消息已加入微信队列: 查看更多消息
2024-11-17 14:49:22,424 - INFO - 消息已加入微信队列: 1
2024-11-17 14:49:22,424 - INFO - 消息已加入微信队列: 你好
2024-11-17 14:49:22,424 - INFO - 消息已加入微信队列: 在吗
2024-11-17 14:49:22,424 - INFO - 消息已加入微信队列: 在怎么了
2024-11-17 14:49:22,424 - INFO - 消息已加入微信队列: 2024年10月27日 15:32
2024-11-17 14:49:22,425 - INFO - 消息已加入微信队列: 在吗
2024-11-17 14:49:22,425 - INFO - 消息已加入微信队列: 在怎么了
2024-11-17 14:49:22,425 - INFO - 消息已加入微信队列: 2024年10月27日 20:43
2024-11-17 14:49:22,425 - INFO - 消息已加入微信队列: 在吗
2024-11-17 14:49:22,426 - INFO - 消息已加入微信队列: 2024年10月27日 20:58
2024-11-17 14:49:22,426 - INFO - 消息已加入微信队列: 你好
2024-11-17 14:49:22,426 - INFO - 消息已加入微信队列: 1
2024-11-17 14:49:22,426 - INFO - 消息已加入微信队列: 2
2024-11-17 14:49:22,427 - INFO - 消息已加入微信队列: 3
2024-11-17 14:49:22,427 - INFO - 消息已加入微信队列: 4
2024-11-17 14:49:22,427 - INFO - 消息已加入微信队列: 5
2024-11-17 14:49:22,427 - INFO - 消息已加入微信队列: 在吗
2024-11-17 14:49:22,427 - INFO - 消息已加入微信队列: 2024年10月27日 21:16
2024-11-17 14:49:22,428 - INFO - 消息已加入微信队列: 1
2024-11-17 14:49:22,428 - INFO - 消息已加入微信队列: 2
2024-11-17 14:49:22,428 - INFO - 消息已加入微信队列: 4
2024-11-17 14:49:22,428 - INFO - 消息已加入微信队列: 2024年10月27日 21:29
2024-11-17 14:49:22,429 - INFO - 消息已加入微信队列: 好
2024-11-17 14:49:22,429 - INFO - 消息已加入微信队列: test
2024-11-17 14:49:22,429 - INFO - 消息已加入微信队列: 1
2024-11-17 14:49:22,429 - INFO - 消息已加入微信队列: 2
2024-11-17 14:49:22,430 - INFO - 消息已加入微信队列: 在在在
2024-11-17 14:49:22,430 - INFO - 消息已加入微信队列: 1
2024-11-17 14:49:22,430 - INFO - 消息已加入微信队列: 1
2024-11-17 14:49:22,430 - INFO - 消息已加入微信队列: 2
2024-11-17 14:49:22,431 - INFO - 消息已加入微信队列: 在
2024-11-17 14:49:22,431 - INFO - 消息已加入微信队列: 没有
2024-11-17 14:49:22,431 - INFO - 消息已加入微信队列: 谢谢
2024-11-17 14:49:22,431 - INFO - 消息已加入微信队列: 哦
2024-11-17 14:49:22,432 - INFO - 消息已加入微信队列: 2
2024-11-17 14:49:23,496 - INFO - 消息已加入微信队列: 查看更多消息
2024-11-17 14:49:23,497 - INFO - 消息已加入微信队列: 1
2024-11-17 14:49:23,497 - INFO - 消息已加入微信队列: 你好
2024-11-17 14:49:23,497 - INFO - 消息已加入微信队列: 在吗
2024-11-17 14:49:23,497 - INFO - 消息已加入微信队列: 在怎么了
2024-11-17 14:49:23,497 - INFO - 消息已加入微信队列: 2024年10月27日 15:32
2024-11-17 14:49:23,498 - INFO - 消息已加入微信队列: 在吗
2024-11-17 14:49:23,498 - INFO - 消息已加入微信队列: 在怎么了
2024-11-17 14:49:23,498 - INFO - 消息已加入微信队列: 2024年10月27日 20:43
2024-11-17 14:49:23,498 - INFO - 消息已加入微信队列: 在吗
2024-11-17 14:49:23,498 - INFO - 消息已加入微信队列: 2024年10月27日 20:58
2024-11-17 14:49:23,499 - INFO - 消息已加入微信队列: 你好
2024-11-17 14:49:23,499 - INFO - 消息已加入微信队列: 1
2024-11-17 14:49:23,499 - INFO - 消息已加入微信队列: 3
2024-11-17 14:49:23,499 - INFO - 消息已加入微信队列: 4
2024-11-17 14:49:23,499 - INFO - 消息已加入微信队列: 5
2024-11-17 14:49:23,500 - INFO - 消息已加入微信队列: 在吗
2024-11-17 14:49:23,500 - INFO - 消息已加入微信队列: 2024年10月27日 21:16
2024-11-17 14:49:23,500 - INFO - 消息已加入微信队列: 1
2024-11-17 14:49:23,500 - INFO - 消息已加入微信队列: 4
2024-11-17 14:49:23,500 - INFO - 消息已加入微信队列: 2024年10月27日 21:29
2024-11-17 14:49:23,500 - INFO - 消息已加入微信队列: 好
2024-11-17 14:49:23,500 - INFO - 消息已加入微信队列: test
2024-11-17 14:49:23,501 - INFO - 消息已加入微信队列: 1
2024-11-17 14:49:23,501 - INFO - 消息已加入微信队列: 在在在
2024-11-17 14:49:23,501 - INFO - 消息已加入微信队列: 1
2024-11-17 14:49:23,501 - INFO - 消息已加入微信队列: 1
2024-11-17 14:49:23,501 - INFO - 消息已加入微信队列: 在
2024-11-17 14:49:23,502 - INFO - 消息已加入微信队列: 没有
2024-11-17 14:49:23,502 - INFO - 消息已加入微信队列: 谢谢
2024-11-17 14:49:23,502 - INFO - 消息已加入微信队列: 哦
2024-11-17 14:49:23,502 - INFO - 消息已加入微信队列: 14:41
2024-11-17 14:49:24,568 - INFO - 消息已加入微信队列: 查看更多消息
2024-11-17 14:49:24,568 - INFO - 消息已加入微信队列: 1
2024-11-17 14:49:24,569 - INFO - 消息已加入微信队列: 你好
2024-11-17 14:49:24,569 - INFO - 消息已加入微信队列: 在吗
2024-11-17 14:49:24,569 - INFO - 消息已加入微信队列: 在怎么了
2024-11-17 14:49:24,569 - INFO - 消息已加入微信队列: 2024年10月27日 15:32
2024-11-17 14:49:24,569 - INFO - 消息已加入微信队列: 在吗
2024-11-17 14:49:24,570 - INFO - 消息已加入微信队列: 在怎么了
2024-11-17 14:49:24,570 - INFO - 消息已加入微信队列: 2024年10月27日 20:43
2024-11-17 14:49:24,570 - INFO - 消息已加入微信队列: 在吗
2024-11-17 14:49:24,570 - INFO - 消息已加入微信队列: 2024年10月27日 20:58
2024-11-17 14:49:24,570 - INFO - 消息已加入微信队列: 你好
2024-11-17 14:49:24,570 - INFO - 消息已加入微信队列: 1
2024-11-17 14:49:24,571 - INFO - 消息已加入微信队列: 2
2024-11-17 14:49:24,571 - INFO - 消息已加入微信队列: 3
2024-11-17 14:49:24,571 - INFO - 消息已加入微信队列: 4
2024-11-17 14:49:24,571 - INFO - 消息已加入微信队列: 5
2024-11-17 14:49:24,571 - INFO - 消息已加入微信队列: 在吗
2024-11-17 14:49:24,572 - INFO - 消息已加入微信队列: 2024年10月27日 21:16
2024-11-17 14:49:24,572 - INFO - 消息已加入微信队列: 1
2024-11-17 14:49:24,572 - INFO - 消息已加入微信队列: 2
2024-11-17 14:49:24,572 - INFO - 消息已加入微信队列: 4
2024-11-17 14:49:24,572 - INFO - 消息已加入微信队列: 2024年10月27日 21:29
2024-11-17 14:49:24,573 - INFO - 消息已加入微信队列: 好
2024-11-17 14:49:24,573 - INFO - 消息已加入微信队列: test
2024-11-17 14:49:24,573 - INFO - 消息已加入微信队列: 1
2024-11-17 14:49:24,573 - INFO - 消息已加入微信队列: 2
2024-11-17 14:49:24,573 - INFO - 消息已加入微信队列: 在在在
2024-11-17 14:49:24,573 - INFO - 消息已加入微信队列: 1
2024-11-17 14:49:24,574 - INFO - 消息已加入微信队列: 1
2024-11-17 14:49:24,574 - INFO - 消息已加入微信队列: 2
2024-11-17 14:49:24,574 - INFO - 消息已加入微信队列: 在
2024-11-17 14:49:24,575 - INFO - 消息已加入微信队列: 没有
2024-11-17 14:49:24,575 - INFO - 消息已加入微信队列: 谢谢
2024-11-17 14:49:24,575 - INFO - 消息已加入微信队列: 哦
2024-11-17 14:49:24,575 - INFO - 消息已加入微信队列: 2
2024-11-17 14:49:25,638 - INFO - 消息已加入微信队列: 查看更多消息
2024-11-17 14:49:25,638 - INFO - 消息已加入微信队列: 1
2024-11-17 14:49:25,639 - INFO - 消息已加入微信队列: 你好
2024-11-17 14:49:25,639 - INFO - 消息已加入微信队列: 在吗
2024-11-17 14:49:25,639 - INFO - 消息已加入微信队列: 在怎么了
2024-11-17 14:49:25,639 - INFO - 消息已加入微信队列: 2024年10月27日 15:32
2024-11-17 14:49:25,639 - INFO - 消息已加入微信队列: 在吗
2024-11-17 14:49:25,640 - INFO - 消息已加入微信队列: 在怎么了
2024-11-17 14:49:25,640 - INFO - 消息已加入微信队列: 2024年10月27日 20:43
2024-11-17 14:49:25,640 - INFO - 消息已加入微信队列: 在吗
2024-11-17 14:49:25,640 - INFO - 消息已加入微信队列: 2024年10月27日 20:58
2024-11-17 14:49:25,640 - INFO - 消息已加入微信队列: 你好
2024-11-17 14:49:25,640 - INFO - 消息已加入微信队列: 1
2024-11-17 14:49:25,641 - INFO - 消息已加入微信队列: 3
2024-11-17 14:49:25,641 - INFO - 消息已加入微信队列: 4
2024-11-17 14:49:25,641 - INFO - 消息已加入微信队列: 5
2024-11-17 14:49:25,641 - INFO - 消息已加入微信队列: 在吗
2024-11-17 14:49:25,641 - INFO - 消息已加入微信队列: 2024年10月27日 21:16
2024-11-17 14:49:25,642 - INFO - 消息已加入微信队列: 1
2024-11-17 14:49:25,642 - INFO - 消息已加入微信队列: 4
2024-11-17 14:49:25,642 - INFO - 消息已加入微信队列: 2024年10月27日 21:29
2024-11-17 14:49:25,642 - INFO - 消息已加入微信队列: 好
2024-11-17 14:49:25,642 - INFO - 消息已加入微信队列: test
2024-11-17 14:49:25,642 - INFO - 消息已加入微信队列: 1
2024-11-17 14:49:25,643 - INFO - 消息已加入微信队列: 在在在
2024-11-17 14:49:25,643 - INFO - 消息已加入微信队列: 1
2024-11-17 14:49:25,643 - INFO - 消息已加入微信队列: 1
2024-11-17 14:49:25,644 - INFO - 消息已加入微信队列: 在
2024-11-17 14:49:25,644 - INFO - 消息已加入微信队列: 没有
2024-11-17 14:49:25,644 - INFO - 消息已加入微信队列: 谢谢
2024-11-17 14:49:25,644 - INFO - 消息已加入微信队列: 哦
2024-11-17 14:49:25,644 - INFO - 消息已加入微信队列: 14:41
2024-11-17 14:49:26,708 - INFO - 消息已加入微信队列: 查看更多消息
2024-11-17 14:49:26,708 - INFO - 消息已加入微信队列: 1
2024-11-17 14:49:26,708 - INFO - 消息已加入微信队列: 你好
2024-11-17 14:49:26,709 - INFO - 消息已加入微信队列: 在吗
2024-11-17 14:49:26,709 - INFO - 消息已加入微信队列: 在怎么了
2024-11-17 14:49:26,709 - INFO - 消息已加入微信队列: 2024年10月27日 15:32
2024-11-17 14:49:26,709 - INFO - 消息已加入微信队列: 在吗
2024-11-17 14:49:26,709 - INFO - 消息已加入微信队列: 在怎么了
2024-11-17 14:49:26,710 - INFO - 消息已加入微信队列: 2024年10月27日 20:43
2024-11-17 14:49:26,710 - INFO - 消息已加入微信队列: 在吗
2024-11-17 14:49:26,710 - INFO - 消息已加入微信队列: 2024年10月27日 20:58
2024-11-17 14:49:26,710 - INFO - 消息已加入微信队列: 你好
2024-11-17 14:49:26,711 - INFO - 消息已加入微信队列: 1
2024-11-17 14:49:26,711 - INFO - 消息已加入微信队列: 2
2024-11-17 14:49:26,711 - INFO - 消息已加入微信队列: 3
2024-11-17 14:49:26,711 - INFO - 消息已加入微信队列: 4
2024-11-17 14:49:26,711 - INFO - 消息已加入微信队列: 5
2024-11-17 14:49:26,712 - INFO - 消息已加入微信队列: 在吗
2024-11-17 14:49:26,712 - INFO - 消息已加入微信队列: 2024年10月27日 21:16
2024-11-17 14:49:26,712 - INFO - 消息已加入微信队列: 1
2024-11-17 14:49:26,712 - INFO - 消息已加入微信队列: 2
2024-11-17 14:49:26,712 - INFO - 消息已加入微信队列: 4
2024-11-17 14:49:26,713 - INFO - 消息已加入微信队列: 2024年10月27日 21:29
2024-11-17 14:49:26,713 - INFO - 消息已加入微信队列: 好
2024-11-17 14:49:26,713 - INFO - 消息已加入微信队列: test
2024-11-17 14:49:26,713 - INFO - 消息已加入微信队列: 1
2024-11-17 14:49:26,714 - INFO - 消息已加入微信队列: 2
2024-11-17 14:49:26,714 - INFO - 消息已加入微信队列: 在在在
2024-11-17 14:49:26,714 - INFO - 消息已加入微信队列: 1
2024-11-17 14:49:26,714 - INFO - 消息已加入微信队列: 1
2024-11-17 14:49:26,714 - INFO - 消息已加入微信队列: 2
2024-11-17 14:49:26,714 - INFO - 消息已加入微信队列: 在
2024-11-17 14:49:26,715 - INFO - 消息已加入微信队列: 没有
2024-11-17 14:49:26,715 - INFO - 消息已加入微信队列: 谢谢
2024-11-17 14:49:26,715 - INFO - 消息已加入微信队列: 哦
2024-11-17 14:49:26,715 - INFO - 消息已加入微信队列: 2
2024-11-17 14:49:27,783 - INFO - 消息已加入微信队列: 查看更多消息
2024-11-17 14:49:27,784 - INFO - 消息已加入微信队列: 1
2024-11-17 14:49:27,784 - INFO - 消息已加入微信队列: 你好
2024-11-17 14:49:27,784 - INFO - 消息已加入微信队列: 在吗
2024-11-17 14:49:27,784 - INFO - 消息已加入微信队列: 在怎么了
2024-11-17 14:49:27,784 - INFO - 消息已加入微信队列: 2024年10月27日 15:32
2024-11-17 14:49:27,785 - INFO - 消息已加入微信队列: 在吗
2024-11-17 14:49:27,785 - INFO - 消息已加入微信队列: 在怎么了
2024-11-17 14:49:27,785 - INFO - 消息已加入微信队列: 2024年10月27日 20:43
2024-11-17 14:49:27,785 - INFO - 消息已加入微信队列: 在吗
2024-11-17 14:49:27,785 - INFO - 消息已加入微信队列: 2024年10月27日 20:58
2024-11-17 14:49:27,785 - INFO - 消息已加入微信队列: 你好
2024-11-17 14:49:27,786 - INFO - 消息已加入微信队列: 1
2024-11-17 14:49:27,786 - INFO - 消息已加入微信队列: 3
2024-11-17 14:49:27,786 - INFO - 消息已加入微信队列: 4
2024-11-17 14:49:27,786 - INFO - 消息已加入微信队列: 5
2024-11-17 14:49:27,786 - INFO - 消息已加入微信队列: 在吗
2024-11-17 14:49:27,786 - INFO - 消息已加入微信队列: 2024年10月27日 21:16
2024-11-17 14:49:27,787 - INFO - 消息已加入微信队列: 1
2024-11-17 14:49:27,787 - INFO - 消息已加入微信队列: 4
2024-11-17 14:49:27,787 - INFO - 消息已加入微信队列: 2024年10月27日 21:29
2024-11-17 14:49:27,787 - INFO - 消息已加入微信队列: 好
2024-11-17 14:49:27,787 - INFO - 消息已加入微信队列: test
2024-11-17 14:49:27,787 - INFO - 消息已加入微信队列: 1
2024-11-17 14:49:27,788 - INFO - 消息已加入微信队列: 在在在
2024-11-17 14:49:27,788 - INFO - 消息已加入微信队列: 1
2024-11-17 14:49:27,788 - INFO - 消息已加入微信队列: 1
2024-11-17 14:49:27,789 - INFO - 消息已加入微信队列: 在
2024-11-17 14:49:27,789 - INFO - 消息已加入微信队列: 没有
2024-11-17 14:49:27,789 - INFO - 消息已加入微信队列: 谢谢
2024-11-17 14:49:27,789 - INFO - 消息已加入微信队列: 哦
2024-11-17 14:49:27,789 - INFO - 消息已加入微信队列: 14:41
2024-11-17 14:49:28,853 - INFO - 消息已加入微信队列: 查看更多消息
2024-11-17 14:49:28,853 - INFO - 消息已加入微信队列: 1
2024-11-17 14:49:28,854 - INFO - 消息已加入微信队列: 你好
2024-11-17 14:49:28,854 - INFO - 消息已加入微信队列: 在吗
2024-11-17 14:49:28,854 - INFO - 消息已加入微信队列: 在怎么了
2024-11-17 14:49:28,854 - INFO - 消息已加入微信队列: 2024年10月27日 15:32
2024-11-17 14:49:28,855 - INFO - 消息已加入微信队列: 在吗
2024-11-17 14:49:28,855 - INFO - 消息已加入微信队列: 在怎么了
2024-11-17 14:49:28,855 - INFO - 消息已加入微信队列: 2024年10月27日 20:43
2024-11-17 14:49:28,855 - INFO - 消息已加入微信队列: 在吗
2024-11-17 14:49:28,855 - INFO - 消息已加入微信队列: 2024年10月27日 20:58
2024-11-17 14:49:28,856 - INFO - 消息已加入微信队列: 你好
2024-11-17 14:49:28,856 - INFO - 消息已加入微信队列: 1
2024-11-17 14:49:28,856 - INFO - 消息已加入微信队列: 2
2024-11-17 14:49:28,856 - INFO - 消息已加入微信队列: 3
2024-11-17 14:49:28,856 - INFO - 消息已加入微信队列: 4
2024-11-17 14:49:28,856 - INFO - 消息已加入微信队列: 5
2024-11-17 14:49:28,857 - INFO - 消息已加入微信队列: 在吗
2024-11-17 14:49:28,857 - INFO - 消息已加入微信队列: 2024年10月27日 21:16
2024-11-17 14:49:28,857 - INFO - 消息已加入微信队列: 1
2024-11-17 14:49:28,857 - INFO - 消息已加入微信队列: 2
2024-11-17 14:49:28,857 - INFO - 消息已加入微信队列: 4
2024-11-17 14:49:28,857 - INFO - 消息已加入微信队列: 2024年10月27日 21:29
2024-11-17 14:49:28,858 - INFO - 消息已加入微信队列: 好
2024-11-17 14:49:28,858 - INFO - 消息已加入微信队列: test
2024-11-17 14:49:28,858 - INFO - 消息已加入微信队列: 1
2024-11-17 14:49:28,858 - INFO - 消息已加入微信队列: 2
2024-11-17 14:49:28,858 - INFO - 消息已加入微信队列: 在在在
2024-11-17 14:49:28,859 - INFO - 消息已加入微信队列: 1
2024-11-17 14:49:28,859 - INFO - 消息已加入微信队列: 1
2024-11-17 14:49:28,859 - INFO - 消息已加入微信队列: 2
2024-11-17 14:49:28,860 - INFO - 消息已加入微信队列: 在
2024-11-17 14:49:28,860 - INFO - 消息已加入微信队列: 没有
2024-11-17 14:49:28,860 - INFO - 消息已加入微信队列: 谢谢
2024-11-17 14:49:28,861 - INFO - 消息已加入微信队列: 哦
2024-11-17 14:49:28,861 - INFO - 消息已加入微信队列: 2
2024-11-17 14:49:29,924 - INFO - 消息已加入微信队列: 查看更多消息
2024-11-17 14:49:29,924 - INFO - 消息已加入微信队列: 1
2024-11-17 14:49:29,925 - INFO - 消息已加入微信队列: 你好
2024-11-17 14:49:29,925 - INFO - 消息已加入微信队列: 在吗
2024-11-17 14:49:29,925 - INFO - 消息已加入微信队列: 在怎么了
2024-11-17 14:49:29,925 - INFO - 消息已加入微信队列: 2024年10月27日 15:32
2024-11-17 14:49:29,925 - INFO - 消息已加入微信队列: 在吗
2024-11-17 14:49:29,926 - INFO - 消息已加入微信队列: 在怎么了
2024-11-17 14:49:29,926 - INFO - 消息已加入微信队列: 2024年10月27日 20:43
2024-11-17 14:49:29,926 - INFO - 消息已加入微信队列: 在吗
2024-11-17 14:49:29,926 - INFO - 消息已加入微信队列: 2024年10月27日 20:58
2024-11-17 14:49:29,927 - INFO - 消息已加入微信队列: 你好
2024-11-17 14:49:29,927 - INFO - 消息已加入微信队列: 1
2024-11-17 14:49:29,927 - INFO - 消息已加入微信队列: 3
2024-11-17 14:49:29,927 - INFO - 消息已加入微信队列: 4
2024-11-17 14:49:29,928 - INFO - 消息已加入微信队列: 5
2024-11-17 14:49:29,928 - INFO - 消息已加入微信队列: 在吗
2024-11-17 14:49:29,928 - INFO - 消息已加入微信队列: 2024年10月27日 21:16
2024-11-17 14:49:29,929 - INFO - 消息已加入微信队列: 1
2024-11-17 14:49:29,929 - INFO - 消息已加入微信队列: 4
2024-11-17 14:49:29,929 - INFO - 消息已加入微信队列: 2024年10月27日 21:29
2024-11-17 14:49:29,929 - INFO - 消息已加入微信队列: 好
2024-11-17 14:49:29,930 - INFO - 消息已加入微信队列: test
2024-11-17 14:49:29,930 - INFO - 消息已加入微信队列: 1
2024-11-17 14:49:29,930 - INFO - 消息已加入微信队列: 在在在
2024-11-17 14:49:29,930 - INFO - 消息已加入微信队列: 1
2024-11-17 14:49:29,931 - INFO - 消息已加入微信队列: 1
2024-11-17 14:49:29,931 - INFO - 消息已加入微信队列: 在
2024-11-17 14:49:29,931 - INFO - 消息已加入微信队列: 没有
2024-11-17 14:49:29,932 - INFO - 消息已加入微信队列: 谢谢
2024-11-17 14:49:29,932 - INFO - 消息已加入微信队列: 哦
2024-11-17 14:49:29,932 - INFO - 消息已加入微信队列: 14:41
2024-11-17 14:49:30,991 - INFO - 消息已加入微信队列: 查看更多消息
2024-11-17 14:49:30,991 - INFO - 消息已加入微信队列: 1
2024-11-17 14:49:30,991 - INFO - 消息已加入微信队列: 你好
2024-11-17 14:49:30,992 - INFO - 消息已加入微信队列: 在吗
2024-11-17 14:49:30,992 - INFO - 消息已加入微信队列: 在怎么了
2024-11-17 14:49:30,992 - INFO - 消息已加入微信队列: 2024年10月27日 15:32
2024-11-17 14:49:30,992 - INFO - 消息已加入微信队列: 在吗
2024-11-17 14:49:30,992 - INFO - 消息已加入微信队列: 在怎么了
2024-11-17 14:49:30,992 - INFO - 消息已加入微信队列: 2024年10月27日 20:43
2024-11-17 14:49:30,993 - INFO - 消息已加入微信队列: 在吗
2024-11-17 14:49:30,993 - INFO - 消息已加入微信队列: 2024年10月27日 20:58
2024-11-17 14:49:30,993 - INFO - 消息已加入微信队列: 你好
2024-11-17 14:49:30,994 - INFO - 消息已加入微信队列: 1
2024-11-17 14:49:30,994 - INFO - 消息已加入微信队列: 2
2024-11-17 14:49:30,994 - INFO - 消息已加入微信队列: 3
2024-11-17 14:49:30,994 - INFO - 消息已加入微信队列: 4
2024-11-17 14:49:30,995 - INFO - 消息已加入微信队列: 5
2024-11-17 14:49:30,995 - INFO - 消息已加入微信队列: 在吗
2024-11-17 14:49:30,995 - INFO - 消息已加入微信队列: 2024年10月27日 21:16
2024-11-17 14:49:30,995 - INFO - 消息已加入微信队列: 1
2024-11-17 14:49:30,995 - INFO - 消息已加入微信队列: 2
2024-11-17 14:49:30,996 - INFO - 消息已加入微信队列: 4
2024-11-17 14:49:30,996 - INFO - 消息已加入微信队列: 2024年10月27日 21:29
2024-11-17 14:49:30,996 - INFO - 消息已加入微信队列: 好
2024-11-17 14:49:30,996 - INFO - 消息已加入微信队列: test
2024-11-17 14:49:30,996 - INFO - 消息已加入微信队列: 1
2024-11-17 14:49:30,997 - INFO - 消息已加入微信队列: 2
2024-11-17 14:49:30,997 - INFO - 消息已加入微信队列: 在在在
2024-11-17 14:49:30,997 - INFO - 消息已加入微信队列: 1
2024-11-17 14:49:30,997 - INFO - 消息已加入微信队列: 1
2024-11-17 14:49:30,998 - INFO - 消息已加入微信队列: 2
2024-11-17 14:49:30,998 - INFO - 消息已加入微信队列: 在
2024-11-17 14:49:30,998 - INFO - 消息已加入微信队列: 没有
2024-11-17 14:49:30,998 - INFO - 消息已加入微信队列: 谢谢
2024-11-17 14:49:30,998 - INFO - 消息已加入微信队列: 哦
2024-11-17 14:49:30,998 - INFO - 消息已加入微信队列: 2
2024-11-17 14:49:32,070 - INFO - 消息已加入微信队列: 查看更多消息
2024-11-17 14:49:32,070 - INFO - 消息已加入微信队列: 1
2024-11-17 14:49:32,071 - INFO - 消息已加入微信队列: 你好
2024-11-17 14:49:32,071 - INFO - 消息已加入微信队列: 在吗
2024-11-17 14:49:32,071 - INFO - 消息已加入微信队列: 在怎么了
2024-11-17 14:49:32,071 - INFO - 消息已加入微信队列: 2024年10月27日 15:32
2024-11-17 14:49:32,071 - INFO - 消息已加入微信队列: 在吗
2024-11-17 14:49:32,071 - INFO - 消息已加入微信队列: 在怎么了
2024-11-17 14:49:32,072 - INFO - 消息已加入微信队列: 2024年10月27日 20:43
2024-11-17 14:49:32,072 - INFO - 消息已加入微信队列: 在吗
2024-11-17 14:49:32,072 - INFO - 消息已加入微信队列: 2024年10月27日 20:58
2024-11-17 14:49:32,072 - INFO - 消息已加入微信队列: 你好
2024-11-17 14:49:32,072 - INFO - 消息已加入微信队列: 1
2024-11-17 14:49:32,072 - INFO - 消息已加入微信队列: 3
2024-11-17 14:49:32,073 - INFO - 消息已加入微信队列: 4
2024-11-17 14:49:32,073 - INFO - 消息已加入微信队列: 5
2024-11-17 14:49:32,073 - INFO - 消息已加入微信队列: 在吗
2024-11-17 14:49:32,073 - INFO - 消息已加入微信队列: 2024年10月27日 21:16
2024-11-17 14:49:32,073 - INFO - 消息已加入微信队列: 1
2024-11-17 14:49:32,073 - INFO - 消息已加入微信队列: 4
2024-11-17 14:49:32,074 - INFO - 消息已加入微信队列: 2024年10月27日 21:29
2024-11-17 14:49:32,074 - INFO - 消息已加入微信队列: 好
2024-11-17 14:49:32,074 - INFO - 消息已加入微信队列: test
2024-11-17 14:49:32,074 - INFO - 消息已加入微信队列: 1
2024-11-17 14:49:32,074 - INFO - 消息已加入微信队列: 在在在
2024-11-17 14:49:32,074 - INFO - 消息已加入微信队列: 1
2024-11-17 14:49:32,074 - INFO - 消息已加入微信队列: 1
2024-11-17 14:49:32,075 - INFO - 消息已加入微信队列: 在
2024-11-17 14:49:32,075 - INFO - 消息已加入微信队列: 没有
2024-11-17 14:49:32,075 - INFO - 消息已加入微信队列: 谢谢
2024-11-17 14:49:32,075 - INFO - 消息已加入微信队列: 哦
2024-11-17 14:49:32,075 - INFO - 消息已加入微信队列: 14:41
2024-11-17 14:49:33,148 - INFO - 消息已加入微信队列: 查看更多消息
2024-11-17 14:49:33,148 - INFO - 消息已加入微信队列: 1
2024-11-17 14:49:33,149 - INFO - 消息已加入微信队列: 你好
2024-11-17 14:49:33,149 - INFO - 消息已加入微信队列: 在吗
2024-11-17 14:49:33,149 - INFO - 消息已加入微信队列: 在怎么了
2024-11-17 14:49:33,149 - INFO - 消息已加入微信队列: 2024年10月27日 15:32
2024-11-17 14:49:33,149 - INFO - 消息已加入微信队列: 在吗
2024-11-17 14:49:33,150 - INFO - 消息已加入微信队列: 在怎么了
2024-11-17 14:49:33,150 - INFO - 消息已加入微信队列: 2024年10月27日 20:43
2024-11-17 14:49:33,150 - INFO - 消息已加入微信队列: 在吗
2024-11-17 14:49:33,150 - INFO - 消息已加入微信队列: 2024年10月27日 20:58
2024-11-17 14:49:33,150 - INFO - 消息已加入微信队列: 你好
2024-11-17 14:49:33,150 - INFO - 消息已加入微信队列: 1
2024-11-17 14:49:33,150 - INFO - 消息已加入微信队列: 2
2024-11-17 14:49:33,151 - INFO - 消息已加入微信队列: 3
2024-11-17 14:49:33,151 - INFO - 消息已加入微信队列: 4
2024-11-17 14:49:33,151 - INFO - 消息已加入微信队列: 5
2024-11-17 14:49:33,151 - INFO - 消息已加入微信队列: 在吗
2024-11-17 14:49:33,151 - INFO - 消息已加入微信队列: 2024年10月27日 21:16
2024-11-17 14:49:33,151 - INFO - 消息已加入微信队列: 1
2024-11-17 14:49:33,151 - INFO - 消息已加入微信队列: 2
2024-11-17 14:49:33,151 - INFO - 消息已加入微信队列: 4
2024-11-17 14:49:33,152 - INFO - 消息已加入微信队列: 2024年10月27日 21:29
2024-11-17 14:49:33,152 - INFO - 消息已加入微信队列: 好
2024-11-17 14:49:33,152 - INFO - 消息已加入微信队列: test
2024-11-17 14:49:33,152 - INFO - 消息已加入微信队列: 1
2024-11-17 14:49:33,152 - INFO - 消息已加入微信队列: 2
2024-11-17 14:49:33,152 - INFO - 消息已加入微信队列: 在在在
2024-11-17 14:49:33,153 - INFO - 消息已加入微信队列: 1
2024-11-17 14:49:33,153 - INFO - 消息已加入微信队列: 1
2024-11-17 14:49:33,153 - INFO - 消息已加入微信队列: 2
2024-11-17 14:49:33,153 - INFO - 消息已加入微信队列: 在
2024-11-17 14:49:33,153 - INFO - 消息已加入微信队列: 没有
2024-11-17 14:49:33,153 - INFO - 消息已加入微信队列: 谢谢
2024-11-17 14:49:33,154 - INFO - 消息已加入微信队列: 哦
2024-11-17 14:49:33,154 - INFO - 消息已加入微信队列: 2
2024-11-17 14:49:34,226 - INFO - 消息已加入微信队列: 查看更多消息
2024-11-17 14:49:34,226 - INFO - 消息已加入微信队列: 1
2024-11-17 14:49:34,226 - INFO - 消息已加入微信队列: 你好
2024-11-17 14:49:34,226 - INFO - 消息已加入微信队列: 在吗
2024-11-17 14:49:34,227 - INFO - 消息已加入微信队列: 在怎么了
2024-11-17 14:49:34,227 - INFO - 消息已加入微信队列: 2024年10月27日 15:32
2024-11-17 14:49:34,227 - INFO - 消息已加入微信队列: 在吗
2024-11-17 14:49:34,227 - INFO - 消息已加入微信队列: 在怎么了
2024-11-17 14:49:34,227 - INFO - 消息已加入微信队列: 2024年10月27日 20:43
2024-11-17 14:49:34,227 - INFO - 消息已加入微信队列: 在吗
2024-11-17 14:49:34,227 - INFO - 消息已加入微信队列: 2024年10月27日 20:58
2024-11-17 14:49:34,228 - INFO - 消息已加入微信队列: 你好
2024-11-17 14:49:34,228 - INFO - 消息已加入微信队列: 1
2024-11-17 14:49:34,228 - INFO - 消息已加入微信队列: 3
2024-11-17 14:49:34,228 - INFO - 消息已加入微信队列: 4
2024-11-17 14:49:34,228 - INFO - 消息已加入微信队列: 5
2024-11-17 14:49:34,228 - INFO - 消息已加入微信队列: 在吗
2024-11-17 14:49:34,228 - INFO - 消息已加入微信队列: 2024年10月27日 21:16
2024-11-17 14:49:34,229 - INFO - 消息已加入微信队列: 1
2024-11-17 14:49:34,229 - INFO - 消息已加入微信队列: 4
2024-11-17 14:49:34,229 - INFO - 消息已加入微信队列: 2024年10月27日 21:29
2024-11-17 14:49:34,229 - INFO - 消息已加入微信队列: 好
2024-11-17 14:49:34,229 - INFO - 消息已加入微信队列: test
2024-11-17 14:49:34,229 - INFO - 消息已加入微信队列: 1
2024-11-17 14:49:34,229 - INFO - 消息已加入微信队列: 在在在
2024-11-17 14:49:34,230 - INFO - 消息已加入微信队列: 1
2024-11-17 14:49:34,230 - INFO - 消息已加入微信队列: 1
2024-11-17 14:49:34,230 - INFO - 消息已加入微信队列: 在
2024-11-17 14:49:34,230 - INFO - 消息已加入微信队列: 没有
2024-11-17 14:49:34,230 - INFO - 消息已加入微信队列: 谢谢
2024-11-17 14:49:34,230 - INFO - 消息已加入微信队列: 哦
2024-11-17 14:49:34,231 - INFO - 消息已加入微信队列: 14:41
2024-11-17 14:49:35,299 - INFO - 消息已加入微信队列: 查看更多消息
2024-11-17 14:49:35,299 - INFO - 消息已加入微信队列: 1
2024-11-17 14:49:35,299 - INFO - 消息已加入微信队列: 你好
2024-11-17 14:49:35,300 - INFO - 消息已加入微信队列: 在吗
2024-11-17 14:49:35,300 - INFO - 消息已加入微信队列: 在怎么了
2024-11-17 14:49:35,300 - INFO - 消息已加入微信队列: 2024年10月27日 15:32
2024-11-17 14:49:35,300 - INFO - 消息已加入微信队列: 在吗
2024-11-17 14:49:35,300 - INFO - 消息已加入微信队列: 在怎么了
2024-11-17 14:49:35,300 - INFO - 消息已加入微信队列: 2024年10月27日 20:43
2024-11-17 14:49:35,301 - INFO - 消息已加入微信队列: 在吗
2024-11-17 14:49:35,301 - INFO - 消息已加入微信队列: 2024年10月27日 20:58
2024-11-17 14:49:35,301 - INFO - 消息已加入微信队列: 你好
2024-11-17 14:49:35,301 - INFO - 消息已加入微信队列: 1
2024-11-17 14:49:35,301 - INFO - 消息已加入微信队列: 2
2024-11-17 14:49:35,301 - INFO - 消息已加入微信队列: 3
2024-11-17 14:49:35,301 - INFO - 消息已加入微信队列: 4
2024-11-17 14:49:35,302 - INFO - 消息已加入微信队列: 5
2024-11-17 14:49:35,302 - INFO - 消息已加入微信队列: 在吗
2024-11-17 14:49:35,302 - INFO - 消息已加入微信队列: 2024年10月27日 21:16
2024-11-17 14:49:35,302 - INFO - 消息已加入微信队列: 1
2024-11-17 14:49:35,302 - INFO - 消息已加入微信队列: 2
2024-11-17 14:49:35,302 - INFO - 消息已加入微信队列: 4
2024-11-17 14:49:35,303 - INFO - 消息已加入微信队列: 2024年10月27日 21:29
2024-11-17 14:49:35,303 - INFO - 消息已加入微信队列: 好
2024-11-17 14:49:35,303 - INFO - 消息已加入微信队列: test
2024-11-17 14:49:35,303 - INFO - 消息已加入微信队列: 1
2024-11-17 14:49:35,303 - INFO - 消息已加入微信队列: 2
2024-11-17 14:49:35,303 - INFO - 消息已加入微信队列: 在在在
2024-11-17 14:49:35,303 - INFO - 消息已加入微信队列: 1
2024-11-17 14:49:35,304 - INFO - 消息已加入微信队列: 1
2024-11-17 14:49:35,304 - INFO - 消息已加入微信队列: 2
2024-11-17 14:49:35,304 - INFO - 消息已加入微信队列: 在
2024-11-17 14:49:35,304 - INFO - 消息已加入微信队列: 没有
2024-11-17 14:49:35,305 - INFO - 消息已加入微信队列: 谢谢
2024-11-17 14:49:35,305 - INFO - 消息已加入微信队列: 哦
2024-11-17 14:49:35,305 - INFO - 消息已加入微信队列: 2
2024-11-17 14:49:36,366 - INFO - 消息已加入微信队列: 查看更多消息
2024-11-17 14:49:36,366 - INFO - 消息已加入微信队列: 1
2024-11-17 14:49:36,366 - INFO - 消息已加入微信队列: 你好
2024-11-17 14:49:36,367 - INFO - 消息已加入微信队列: 在吗
2024-11-17 14:49:36,367 - INFO - 消息已加入微信队列: 在怎么了
2024-11-17 14:49:36,367 - INFO - 消息已加入微信队列: 2024年10月27日 15:32
2024-11-17 14:49:36,367 - INFO - 消息已加入微信队列: 在吗
2024-11-17 14:49:36,367 - INFO - 消息已加入微信队列: 在怎么了
2024-11-17 14:49:36,367 - INFO - 消息已加入微信队列: 2024年10月27日 20:43
2024-11-17 14:49:36,367 - INFO - 消息已加入微信队列: 在吗
2024-11-17 14:49:36,368 - INFO - 消息已加入微信队列: 2024年10月27日 20:58
2024-11-17 14:49:36,368 - INFO - 消息已加入微信队列: 你好
2024-11-17 14:49:36,368 - INFO - 消息已加入微信队列: 1
2024-11-17 14:49:36,368 - INFO - 消息已加入微信队列: 3
2024-11-17 14:49:36,368 - INFO - 消息已加入微信队列: 4
2024-11-17 14:49:36,368 - INFO - 消息已加入微信队列: 5
2024-11-17 14:49:36,369 - INFO - 消息已加入微信队列: 在吗
2024-11-17 14:49:36,369 - INFO - 消息已加入微信队列: 2024年10月27日 21:16
2024-11-17 14:49:36,369 - INFO - 消息已加入微信队列: 1
2024-11-17 14:49:36,369 - INFO - 消息已加入微信队列: 4
2024-11-17 14:49:36,370 - INFO - 消息已加入微信队列: 2024年10月27日 21:29
2024-11-17 14:49:36,370 - INFO - 消息已加入微信队列: 好
2024-11-17 14:49:36,370 - INFO - 消息已加入微信队列: test
2024-11-17 14:49:36,370 - INFO - 消息已加入微信队列: 1
2024-11-17 14:49:36,370 - INFO - 消息已加入微信队列: 在在在
2024-11-17 14:49:36,370 - INFO - 消息已加入微信队列: 1
2024-11-17 14:49:36,371 - INFO - 消息已加入微信队列: 1
2024-11-17 14:49:36,371 - INFO - 消息已加入微信队列: 在
2024-11-17 14:49:36,371 - INFO - 消息已加入微信队列: 没有
2024-11-17 14:49:36,371 - INFO - 消息已加入微信队列: 谢谢
2024-11-17 14:49:36,372 - INFO - 消息已加入微信队列: 哦
2024-11-17 14:49:36,372 - INFO - 消息已加入微信队列: 14:41
2024-11-17 14:49:37,434 - INFO - 消息已加入微信队列: 查看更多消息
2024-11-17 14:49:37,434 - INFO - 消息已加入微信队列: 1
2024-11-17 14:49:37,434 - INFO - 消息已加入微信队列: 你好
2024-11-17 14:49:37,435 - INFO - 消息已加入微信队列: 在吗
2024-11-17 14:49:37,435 - INFO - 消息已加入微信队列: 在怎么了
2024-11-17 14:49:37,435 - INFO - 消息已加入微信队列: 2024年10月27日 15:32
2024-11-17 14:49:37,435 - INFO - 消息已加入微信队列: 在吗
2024-11-17 14:49:37,435 - INFO - 消息已加入微信队列: 在怎么了
2024-11-17 14:49:37,435 - INFO - 消息已加入微信队列: 2024年10月27日 20:43
2024-11-17 14:49:37,435 - INFO - 消息已加入微信队列: 在吗
2024-11-17 14:49:37,436 - INFO - 消息已加入微信队列: 2024年10月27日 20:58
2024-11-17 14:49:37,436 - INFO - 消息已加入微信队列: 你好
2024-11-17 14:49:37,436 - INFO - 消息已加入微信队列: 1
2024-11-17 14:49:37,436 - INFO - 消息已加入微信队列: 2
2024-11-17 14:49:37,436 - INFO - 消息已加入微信队列: 3
2024-11-17 14:49:37,437 - INFO - 消息已加入微信队列: 4
2024-11-17 14:49:37,437 - INFO - 消息已加入微信队列: 5
2024-11-17 14:49:37,437 - INFO - 消息已加入微信队列: 在吗
2024-11-17 14:49:37,437 - INFO - 消息已加入微信队列: 2024年10月27日 21:16
2024-11-17 14:49:37,437 - INFO - 消息已加入微信队列: 1
2024-11-17 14:49:37,437 - INFO - 消息已加入微信队列: 2
2024-11-17 14:49:37,437 - INFO - 消息已加入微信队列: 4
2024-11-17 14:49:37,438 - INFO - 消息已加入微信队列: 2024年10月27日 21:29
2024-11-17 14:49:37,438 - INFO - 消息已加入微信队列: 好
2024-11-17 14:49:37,438 - INFO - 消息已加入微信队列: test
2024-11-17 14:49:37,438 - INFO - 消息已加入微信队列: 1
2024-11-17 14:49:37,438 - INFO - 消息已加入微信队列: 2
2024-11-17 14:49:37,438 - INFO - 消息已加入微信队列: 在在在
2024-11-17 14:49:37,439 - INFO - 消息已加入微信队列: 1
2024-11-17 14:49:37,439 - INFO - 消息已加入微信队列: 1
2024-11-17 14:49:37,439 - INFO - 消息已加入微信队列: 2
2024-11-17 14:49:37,439 - INFO - 消息已加入微信队列: 在
2024-11-17 14:49:37,440 - INFO - 消息已加入微信队列: 没有
2024-11-17 14:49:37,440 - INFO - 消息已加入微信队列: 谢谢
2024-11-17 14:49:37,440 - INFO - 消息已加入微信队列: 哦
2024-11-17 14:49:37,440 - INFO - 消息已加入微信队列: 2
2024-11-17 14:49:37,997 - INFO - 接收到退出信号，正在关闭...
2024-11-17 14:49:38,441 - INFO - 程序已退出
2024-11-17 14:53:09,956 - INFO - Imported existing <module 'comtypes.gen' from 'C:\\Users\\Administrator\\AppData\\Local\\Programs\\Python\\Python312\\Lib\\site-packages\\comtypes\\gen\\__init__.py'>
2024-11-17 14:53:09,957 - INFO - Using writeable comtypes cache directory: 'C:\Users\Administrator\AppData\Local\Programs\Python\Python312\Lib\site-packages\comtypes\gen'
2024-11-17 14:53:10,597 - INFO - 微信窗口初始化成功
2024-11-17 14:53:11,714 - INFO - 浏览器初始化成功
2024-11-17 14:53:24,303 - INFO - 接收到退出信号，正在关闭...
2024-11-17 14:53:24,769 - INFO - 程序已退出
2024-11-17 14:53:53,574 - INFO - Imported existing <module 'comtypes.gen' from 'C:\\Users\\Administrator\\AppData\\Local\\Programs\\Python\\Python312\\Lib\\site-packages\\comtypes\\gen\\__init__.py'>
2024-11-17 14:53:53,574 - INFO - Using writeable comtypes cache directory: 'C:\Users\Administrator\AppData\Local\Programs\Python\Python312\Lib\site-packages\comtypes\gen'
2024-11-17 14:53:54,199 - INFO - 微信窗口初始化成功
2024-11-17 14:53:55,284 - INFO - 浏览器初始化成功
2024-11-17 14:54:02,698 - INFO - 接收到退出信号，正在关闭...
2024-11-17 14:54:03,082 - INFO - 程序已退出
2024-11-17 14:58:16,058 - INFO - Imported existing <module 'comtypes.gen' from 'C:\\Users\\Administrator\\AppData\\Local\\Programs\\Python\\Python312\\Lib\\site-packages\\comtypes\\gen\\__init__.py'>
2024-11-17 14:58:16,058 - INFO - Using writeable comtypes cache directory: 'C:\Users\Administrator\AppData\Local\Programs\Python\Python312\Lib\site-packages\comtypes\gen'
2024-11-17 14:58:16,726 - INFO - 微信窗口初始化成功
2024-11-17 14:58:17,842 - INFO - 浏览器初始化成功
2024-11-17 14:58:23,765 - INFO - 接收到退出信号，正在关闭...
2024-11-17 14:58:24,375 - INFO - 程序已退出
2024-11-17 15:23:20,007 - INFO - Imported existing <module 'comtypes.gen' from 'C:\\Users\\Administrator\\AppData\\Local\\Programs\\Python\\Python312\\Lib\\site-packages\\comtypes\\gen\\__init__.py'>
2024-11-17 15:23:20,007 - INFO - Using writeable comtypes cache directory: 'C:\Users\Administrator\AppData\Local\Programs\Python\Python312\Lib\site-packages\comtypes\gen'
2024-11-17 15:23:20,669 - INFO - 微信窗口初始化成功
2024-11-17 15:23:21,781 - INFO - 浏览器初始化成功
2024-11-17 15:23:38,471 - INFO - 接收到退出信号，正在关闭...
2024-11-17 15:23:43,323 - INFO - 程序已退出
2024-11-17 15:29:01,113 - INFO - Imported existing <module 'comtypes.gen' from 'C:\\Users\\Administrator\\AppData\\Local\\Programs\\Python\\Python312\\Lib\\site-packages\\comtypes\\gen\\__init__.py'>
2024-11-17 15:29:01,113 - INFO - Using writeable comtypes cache directory: 'C:\Users\Administrator\AppData\Local\Programs\Python\Python312\Lib\site-packages\comtypes\gen'
2024-11-17 15:29:01,770 - INFO - 微信窗口初始化成功
2024-11-17 15:29:02,888 - INFO - 浏览器初始化成功
2024-11-17 15:29:05,556 - ERROR - 获取微信消息失败: 'TextControl' object has no attribute 'name'
2024-11-17 15:29:06,633 - ERROR - 获取微信消息失败: 'TextControl' object has no attribute 'name'
2024-11-17 15:29:07,709 - ERROR - 获取微信消息失败: 'TextControl' object has no attribute 'name'
2024-11-17 15:29:08,778 - ERROR - 获取微信消息失败: 'TextControl' object has no attribute 'name'
2024-11-17 15:29:09,851 - ERROR - 获取微信消息失败: 'TextControl' object has no attribute 'name'
2024-11-17 15:29:10,925 - ERROR - 获取微信消息失败: 'TextControl' object has no attribute 'name'
2024-11-17 15:29:11,988 - ERROR - 获取微信消息失败: 'TextControl' object has no attribute 'name'
2024-11-17 15:29:12,702 - INFO - 接收到退出信号，正在关闭...
2024-11-17 15:29:12,989 - INFO - 程序已退出
2024-11-17 15:29:51,425 - INFO - Imported existing <module 'comtypes.gen' from 'C:\\Users\\Administrator\\AppData\\Local\\Programs\\Python\\Python312\\Lib\\site-packages\\comtypes\\gen\\__init__.py'>
2024-11-17 15:29:51,425 - INFO - Using writeable comtypes cache directory: 'C:\Users\Administrator\AppData\Local\Programs\Python\Python312\Lib\site-packages\comtypes\gen'
2024-11-17 15:29:52,072 - INFO - 微信窗口初始化成功
2024-11-17 15:29:53,184 - INFO - 浏览器初始化成功
2024-11-17 15:29:55,779 - ERROR - 获取微信消息失败: 'TextControl' object has no attribute 'name'
2024-11-17 15:29:56,853 - ERROR - 获取微信消息失败: 'TextControl' object has no attribute 'name'
2024-11-17 15:29:57,925 - ERROR - 获取微信消息失败: 'TextControl' object has no attribute 'name'
2024-11-17 15:29:58,994 - ERROR - 获取微信消息失败: 'TextControl' object has no attribute 'name'
2024-11-17 15:30:00,064 - ERROR - 获取微信消息失败: 'TextControl' object has no attribute 'name'
2024-11-17 15:30:01,138 - ERROR - 获取微信消息失败: 'TextControl' object has no attribute 'name'
2024-11-17 15:30:02,216 - ERROR - 获取微信消息失败: 'TextControl' object has no attribute 'name'
2024-11-17 15:30:03,282 - ERROR - 获取微信消息失败: 'TextControl' object has no attribute 'name'
2024-11-17 15:30:03,673 - INFO - 接收到退出信号，正在关闭...
2024-11-17 15:30:04,284 - INFO - 程序已退出
2024-11-17 15:31:15,896 - INFO - Imported existing <module 'comtypes.gen' from 'C:\\Users\\Administrator\\AppData\\Local\\Programs\\Python\\Python312\\Lib\\site-packages\\comtypes\\gen\\__init__.py'>
2024-11-17 15:31:15,896 - INFO - Using writeable comtypes cache directory: 'C:\Users\Administrator\AppData\Local\Programs\Python\Python312\Lib\site-packages\comtypes\gen'
2024-11-17 15:31:16,551 - INFO - 微信窗口初始化成功
2024-11-17 15:31:17,658 - INFO - 浏览器初始化成功
2024-11-17 15:31:38,502 - INFO - 接收到退出信号，正在关闭...
2024-11-17 15:31:38,503 - INFO - 程序已退出
2024-11-17 17:16:37,004 - INFO - Imported existing <module 'comtypes.gen' from 'C:\\Users\\Administrator\\AppData\\Local\\Programs\\Python\\Python312\\Lib\\site-packages\\comtypes\\gen\\__init__.py'>
2024-11-17 17:16:37,005 - INFO - Using writeable comtypes cache directory: 'C:\Users\Administrator\AppData\Local\Programs\Python\Python312\Lib\site-packages\comtypes\gen'
2024-11-17 17:16:37,665 - INFO - 微信窗口初始化成功
2024-11-17 17:16:38,777 - INFO - 浏览器初始化成功
2024-11-17 17:25:54,007 - INFO - 接收到退出信号，正在关闭...
2024-11-17 17:25:54,010 - INFO - 程序已退出
2024-11-22 15:33:20,485 - INFO - 浏览器初始化成功
2024-11-22 15:33:28,508 - INFO - 圆通系统登录成功
2024-11-22 15:33:44,449 - INFO - 接收到退出信号，正在关闭...
2024-11-22 15:33:44,483 - INFO - 程序已退出
2024-11-22 15:38:26,368 - INFO - 浏览器初始化成功
2024-11-22 15:38:28,544 - INFO - 圆通系统登录成功
2024-11-22 15:38:43,556 - INFO - 接收到退出信号，正在关闭...
2024-11-22 15:38:43,818 - INFO - 程序已退出
